2021-05-18 17:33:52.340  INFO 15880 --- [restartedMain] md.support.support.SupportApplication    : Starting SupportApplication using Java 14.0.2 on it-dell with PID 15880 (C:\Users\rekatun\Documents\support\target\classes started by rekatun in C:\Users\rekatun\Documents\support)
2021-05-18 17:33:52.343 DEBUG 15880 --- [restartedMain] md.support.support.SupportApplication    : Running with Spring Boot v2.4.2, Spring v5.3.3
2021-05-18 17:33:52.344  INFO 15880 --- [restartedMain] md.support.support.SupportApplication    : No active profile set, falling back to default profiles: default
2021-05-18 17:33:52.416  INFO 15880 --- [restartedMain] .e.DevToolsPropertyDefaultsPostProcessor : Devtools property defaults active! Set 'spring.devtools.add-properties' to 'false' to disable
2021-05-18 17:33:52.417  INFO 15880 --- [restartedMain] .e.DevToolsPropertyDefaultsPostProcessor : For additional web related logging consider setting the 'logging.level.web' property to 'DEBUG'
2021-05-18 17:33:53.441  INFO 15880 --- [restartedMain] .s.d.r.c.RepositoryConfigurationDelegate : Bootstrapping Spring Data JPA repositories in DEFAULT mode.
2021-05-18 17:33:53.546  INFO 15880 --- [restartedMain] .s.d.r.c.RepositoryConfigurationDelegate : Finished Spring Data repository scanning in 94 ms. Found 7 JPA repository interfaces.
2021-05-18 17:33:54.283  INFO 15880 --- [restartedMain] trationDelegate$BeanPostProcessorChecker : Bean 'org.springframework.security.access.expression.method.DefaultMethodSecurityExpressionHandler@5ec961d' of type [org.springframework.security.access.expression.method.DefaultMethodSecurityExpressionHandler] is not eligible for getting processed by all BeanPostProcessors (for example: not eligible for auto-proxying)
2021-05-18 17:33:54.294  INFO 15880 --- [restartedMain] trationDelegate$BeanPostProcessorChecker : Bean 'methodSecurityMetadataSource' of type [org.springframework.security.access.method.DelegatingMethodSecurityMetadataSource] is not eligible for getting processed by all BeanPostProcessors (for example: not eligible for auto-proxying)
2021-05-18 17:33:54.966  INFO 15880 --- [restartedMain] o.s.b.w.embedded.tomcat.TomcatWebServer  : Tomcat initialized with port(s): 8080 (http)
2021-05-18 17:33:54.985  INFO 15880 --- [restartedMain] o.apache.catalina.core.StandardService   : Starting service [Tomcat]
2021-05-18 17:33:54.986  INFO 15880 --- [restartedMain] org.apache.catalina.core.StandardEngine  : Starting Servlet engine: [Apache Tomcat/9.0.41]
2021-05-18 17:33:55.135  INFO 15880 --- [restartedMain] o.a.c.c.C.[Tomcat].[localhost].[/]       : Initializing Spring embedded WebApplicationContext
2021-05-18 17:33:55.135  INFO 15880 --- [restartedMain] w.s.c.ServletWebServerApplicationContext : Root WebApplicationContext: initialization completed in 2717 ms
2021-05-18 17:33:55.421  INFO 15880 --- [restartedMain] o.hibernate.jpa.internal.util.LogHelper  : HHH000204: Processing PersistenceUnitInfo [name: default]
2021-05-18 17:33:55.496  INFO 15880 --- [restartedMain] org.hibernate.Version                    : HHH000412: Hibernate ORM core version 5.4.21.Final
2021-05-18 17:33:55.650  INFO 15880 --- [restartedMain] o.hibernate.annotations.common.Version   : HCANN000001: Hibernate Commons Annotations {5.1.0.Final}
2021-05-18 17:33:55.777  INFO 15880 --- [restartedMain] com.zaxxer.hikari.HikariDataSource       : HikariPool-1 - Starting...
2021-05-18 17:33:56.057  WARN 15880 --- [restartedMain] c.m.s.jdbc.internals.TDS.Channel         : TLSv1 was negotiated. Please update server and client to use TLSv1.2 at minimum.
2021-05-18 17:33:56.174  INFO 15880 --- [restartedMain] com.zaxxer.hikari.HikariDataSource       : HikariPool-1 - Start completed.
2021-05-18 17:33:56.213  INFO 15880 --- [restartedMain] org.hibernate.dialect.Dialect            : HHH000400: Using dialect: org.hibernate.dialect.SQLServer2008Dialect
2021-05-18 17:33:56.357  WARN 15880 --- [HikariPool-1 connection adder] c.m.s.jdbc.internals.TDS.Channel         : TLSv1 was negotiated. Please update server and client to use TLSv1.2 at minimum.
2021-05-18 17:33:56.460  WARN 15880 --- [HikariPool-1 connection adder] c.m.s.jdbc.internals.TDS.Channel         : TLSv1 was negotiated. Please update server and client to use TLSv1.2 at minimum.
2021-05-18 17:33:56.601  WARN 15880 --- [HikariPool-1 connection adder] c.m.s.jdbc.internals.TDS.Channel         : TLSv1 was negotiated. Please update server and client to use TLSv1.2 at minimum.
2021-05-18 17:33:56.650  WARN 15880 --- [HikariPool-1 connection adder] c.m.s.jdbc.internals.TDS.Channel         : TLSv1 was negotiated. Please update server and client to use TLSv1.2 at minimum.
2021-05-18 17:33:56.730  WARN 15880 --- [HikariPool-1 connection adder] c.m.s.jdbc.internals.TDS.Channel         : TLSv1 was negotiated. Please update server and client to use TLSv1.2 at minimum.
2021-05-18 17:33:56.823  WARN 15880 --- [HikariPool-1 connection adder] c.m.s.jdbc.internals.TDS.Channel         : TLSv1 was negotiated. Please update server and client to use TLSv1.2 at minimum.
2021-05-18 17:33:56.932  WARN 15880 --- [HikariPool-1 connection adder] c.m.s.jdbc.internals.TDS.Channel         : TLSv1 was negotiated. Please update server and client to use TLSv1.2 at minimum.
2021-05-18 17:33:57.012  WARN 15880 --- [HikariPool-1 connection adder] c.m.s.jdbc.internals.TDS.Channel         : TLSv1 was negotiated. Please update server and client to use TLSv1.2 at minimum.
2021-05-18 17:33:57.087  WARN 15880 --- [HikariPool-1 connection adder] c.m.s.jdbc.internals.TDS.Channel         : TLSv1 was negotiated. Please update server and client to use TLSv1.2 at minimum.
2021-05-18 17:33:58.229  INFO 15880 --- [restartedMain] o.h.e.t.j.p.i.JtaPlatformInitiator       : HHH000490: Using JtaPlatform implementation: [org.hibernate.engine.transaction.jta.platform.internal.NoJtaPlatform]
2021-05-18 17:33:58.237  INFO 15880 --- [restartedMain] j.LocalContainerEntityManagerFactoryBean : Initialized JPA EntityManagerFactory for persistence unit 'default'
2021-05-18 17:33:58.267  INFO 15880 --- [restartedMain] o.s.b.d.a.OptionalLiveReloadServer       : LiveReload server is running on port 35729
2021-05-18 17:33:58.360  WARN 15880 --- [restartedMain] JpaBaseConfiguration$JpaWebConfiguration : spring.jpa.open-in-view is enabled by default. Therefore, database queries may be performed during view rendering. Explicitly configure spring.jpa.open-in-view to disable this warning
2021-05-18 17:33:59.592  INFO 15880 --- [restartedMain] o.s.s.concurrent.ThreadPoolTaskExecutor  : Initializing ExecutorService 'applicationTaskExecutor'
2021-05-18 17:34:00.022  INFO 15880 --- [restartedMain] o.s.s.web.DefaultSecurityFilterChain     : Will secure any request with [org.springframework.security.web.context.request.async.WebAsyncManagerIntegrationFilter@3f3a9dbe, org.springframework.security.web.context.SecurityContextPersistenceFilter@21379594, org.springframework.security.web.header.HeaderWriterFilter@556c5e66, org.springframework.security.web.csrf.CsrfFilter@6b1d7da4, org.springframework.security.web.authentication.logout.LogoutFilter@594f0cd6, org.springframework.security.web.authentication.UsernamePasswordAuthenticationFilter@5d7a6ac8, org.springframework.security.web.savedrequest.RequestCacheAwareFilter@7d524946, org.springframework.security.web.servletapi.SecurityContextHolderAwareRequestFilter@70c9aab3, org.springframework.security.web.authentication.AnonymousAuthenticationFilter@4dc41f74, org.springframework.security.web.session.SessionManagementFilter@5e1f4e0e, org.springframework.security.web.access.ExceptionTranslationFilter@21a3a665, org.springframework.security.web.access.intercept.FilterSecurityInterceptor@697182ae]
2021-05-18 17:34:00.048  INFO 15880 --- [restartedMain] o.s.s.c.ThreadPoolTaskScheduler          : Initializing ExecutorService 'taskScheduler'
2021-05-18 17:34:00.146  INFO 15880 --- [restartedMain] o.s.b.w.embedded.tomcat.TomcatWebServer  : Tomcat started on port(s): 8080 (http) with context path ''
2021-05-18 17:34:00.162  INFO 15880 --- [restartedMain] md.support.support.SupportApplication    : Started SupportApplication in 8.516 seconds (JVM running for 9.223)
2021-05-18 17:34:13.449  INFO 16564 --- [restartedMain] md.support.support.SupportApplication    : Starting SupportApplication using Java 14.0.2 on it-dell with PID 16564 (C:\Users\rekatun\Documents\support\target\classes started by rekatun in C:\Users\rekatun\Documents\support)
2021-05-18 17:34:13.452 DEBUG 16564 --- [restartedMain] md.support.support.SupportApplication    : Running with Spring Boot v2.4.2, Spring v5.3.3
2021-05-18 17:34:13.453  INFO 16564 --- [restartedMain] md.support.support.SupportApplication    : No active profile set, falling back to default profiles: default
2021-05-18 17:34:13.586  INFO 16564 --- [restartedMain] .e.DevToolsPropertyDefaultsPostProcessor : Devtools property defaults active! Set 'spring.devtools.add-properties' to 'false' to disable
2021-05-18 17:34:13.586  INFO 16564 --- [restartedMain] .e.DevToolsPropertyDefaultsPostProcessor : For additional web related logging consider setting the 'logging.level.web' property to 'DEBUG'
2021-05-18 17:34:14.625  INFO 16564 --- [restartedMain] .s.d.r.c.RepositoryConfigurationDelegate : Bootstrapping Spring Data JPA repositories in DEFAULT mode.
2021-05-18 17:34:14.743  INFO 16564 --- [restartedMain] .s.d.r.c.RepositoryConfigurationDelegate : Finished Spring Data repository scanning in 108 ms. Found 7 JPA repository interfaces.
2021-05-18 17:34:15.361  INFO 16564 --- [restartedMain] trationDelegate$BeanPostProcessorChecker : Bean 'org.springframework.security.access.expression.method.DefaultMethodSecurityExpressionHandler@3e33b61b' of type [org.springframework.security.access.expression.method.DefaultMethodSecurityExpressionHandler] is not eligible for getting processed by all BeanPostProcessors (for example: not eligible for auto-proxying)
2021-05-18 17:34:15.367  INFO 16564 --- [restartedMain] trationDelegate$BeanPostProcessorChecker : Bean 'methodSecurityMetadataSource' of type [org.springframework.security.access.method.DelegatingMethodSecurityMetadataSource] is not eligible for getting processed by all BeanPostProcessors (for example: not eligible for auto-proxying)
2021-05-18 17:34:16.009  INFO 16564 --- [restartedMain] o.s.b.w.embedded.tomcat.TomcatWebServer  : Tomcat initialized with port(s): 8080 (http)
2021-05-18 17:34:16.029  INFO 16564 --- [restartedMain] o.apache.catalina.core.StandardService   : Starting service [Tomcat]
2021-05-18 17:34:16.030  INFO 16564 --- [restartedMain] org.apache.catalina.core.StandardEngine  : Starting Servlet engine: [Apache Tomcat/9.0.41]
2021-05-18 17:34:16.182  INFO 16564 --- [restartedMain] o.a.c.c.C.[Tomcat].[localhost].[/]       : Initializing Spring embedded WebApplicationContext
2021-05-18 17:34:16.183  INFO 16564 --- [restartedMain] w.s.c.ServletWebServerApplicationContext : Root WebApplicationContext: initialization completed in 2595 ms
2021-05-18 17:34:16.467  INFO 16564 --- [restartedMain] o.hibernate.jpa.internal.util.LogHelper  : HHH000204: Processing PersistenceUnitInfo [name: default]
2021-05-18 17:34:16.550  INFO 16564 --- [restartedMain] org.hibernate.Version                    : HHH000412: Hibernate ORM core version 5.4.21.Final
2021-05-18 17:34:16.784  INFO 16564 --- [restartedMain] o.hibernate.annotations.common.Version   : HCANN000001: Hibernate Commons Annotations {5.1.0.Final}
2021-05-18 17:34:16.938  INFO 16564 --- [restartedMain] com.zaxxer.hikari.HikariDataSource       : HikariPool-1 - Starting...
2021-05-18 17:34:17.183  WARN 16564 --- [restartedMain] c.m.s.jdbc.internals.TDS.Channel         : TLSv1 was negotiated. Please update server and client to use TLSv1.2 at minimum.
2021-05-18 17:34:17.285  INFO 16564 --- [restartedMain] com.zaxxer.hikari.HikariDataSource       : HikariPool-1 - Start completed.
2021-05-18 17:34:17.332  INFO 16564 --- [restartedMain] org.hibernate.dialect.Dialect            : HHH000400: Using dialect: org.hibernate.dialect.SQLServer2008Dialect
2021-05-18 17:34:17.584  WARN 16564 --- [HikariPool-1 connection adder] c.m.s.jdbc.internals.TDS.Channel         : TLSv1 was negotiated. Please update server and client to use TLSv1.2 at minimum.
2021-05-18 17:34:17.788  WARN 16564 --- [HikariPool-1 connection adder] c.m.s.jdbc.internals.TDS.Channel         : TLSv1 was negotiated. Please update server and client to use TLSv1.2 at minimum.
2021-05-18 17:34:17.915  WARN 16564 --- [HikariPool-1 connection adder] c.m.s.jdbc.internals.TDS.Channel         : TLSv1 was negotiated. Please update server and client to use TLSv1.2 at minimum.
2021-05-18 17:34:18.089  WARN 16564 --- [HikariPool-1 connection adder] c.m.s.jdbc.internals.TDS.Channel         : TLSv1 was negotiated. Please update server and client to use TLSv1.2 at minimum.
2021-05-18 17:34:18.254  WARN 16564 --- [HikariPool-1 connection adder] c.m.s.jdbc.internals.TDS.Channel         : TLSv1 was negotiated. Please update server and client to use TLSv1.2 at minimum.
2021-05-18 17:34:18.416  WARN 16564 --- [HikariPool-1 connection adder] c.m.s.jdbc.internals.TDS.Channel         : TLSv1 was negotiated. Please update server and client to use TLSv1.2 at minimum.
2021-05-18 17:34:18.563  WARN 16564 --- [HikariPool-1 connection adder] c.m.s.jdbc.internals.TDS.Channel         : TLSv1 was negotiated. Please update server and client to use TLSv1.2 at minimum.
2021-05-18 17:34:18.659  WARN 16564 --- [HikariPool-1 connection adder] c.m.s.jdbc.internals.TDS.Channel         : TLSv1 was negotiated. Please update server and client to use TLSv1.2 at minimum.
2021-05-18 17:34:18.720  WARN 16564 --- [HikariPool-1 connection adder] c.m.s.jdbc.internals.TDS.Channel         : TLSv1 was negotiated. Please update server and client to use TLSv1.2 at minimum.
2021-05-18 17:34:19.367  INFO 16564 --- [restartedMain] o.h.e.t.j.p.i.JtaPlatformInitiator       : HHH000490: Using JtaPlatform implementation: [org.hibernate.engine.transaction.jta.platform.internal.NoJtaPlatform]
2021-05-18 17:34:19.375  INFO 16564 --- [restartedMain] j.LocalContainerEntityManagerFactoryBean : Initialized JPA EntityManagerFactory for persistence unit 'default'
2021-05-18 17:34:19.400  INFO 16564 --- [restartedMain] o.s.b.d.a.OptionalLiveReloadServer       : LiveReload server is running on port 35729
2021-05-18 17:34:19.478  WARN 16564 --- [restartedMain] JpaBaseConfiguration$JpaWebConfiguration : spring.jpa.open-in-view is enabled by default. Therefore, database queries may be performed during view rendering. Explicitly configure spring.jpa.open-in-view to disable this warning
2021-05-18 17:34:20.844  INFO 16564 --- [restartedMain] o.s.s.concurrent.ThreadPoolTaskExecutor  : Initializing ExecutorService 'applicationTaskExecutor'
2021-05-18 17:34:21.452  INFO 16564 --- [restartedMain] o.s.s.web.DefaultSecurityFilterChain     : Will secure any request with [org.springframework.security.web.context.request.async.WebAsyncManagerIntegrationFilter@40adf271, org.springframework.security.web.context.SecurityContextPersistenceFilter@5ce39ec4, org.springframework.security.web.header.HeaderWriterFilter@51205c73, org.springframework.security.web.csrf.CsrfFilter@31647903, org.springframework.security.web.authentication.logout.LogoutFilter@70c827ce, org.springframework.security.web.authentication.UsernamePasswordAuthenticationFilter@56e30e06, org.springframework.security.web.savedrequest.RequestCacheAwareFilter@4e0fba38, org.springframework.security.web.servletapi.SecurityContextHolderAwareRequestFilter@80c89fb, org.springframework.security.web.authentication.AnonymousAuthenticationFilter@66839a7, org.springframework.security.web.session.SessionManagementFilter@22049e18, org.springframework.security.web.access.ExceptionTranslationFilter@368b7333, org.springframework.security.web.access.intercept.FilterSecurityInterceptor@66ddfdd1]
2021-05-18 17:34:21.479  INFO 16564 --- [restartedMain] o.s.s.c.ThreadPoolTaskScheduler          : Initializing ExecutorService 'taskScheduler'
2021-05-18 17:34:21.597  INFO 16564 --- [restartedMain] o.s.b.w.embedded.tomcat.TomcatWebServer  : Tomcat started on port(s): 8080 (http) with context path ''
2021-05-18 17:34:21.621  INFO 16564 --- [restartedMain] md.support.support.SupportApplication    : Started SupportApplication in 8.853 seconds (JVM running for 9.621)
2021-05-18 17:34:37.682  INFO 3736 --- [restartedMain] md.support.support.SupportApplication    : Starting SupportApplication using Java 14.0.2 on it-dell with PID 3736 (C:\Users\rekatun\Documents\support\target\classes started by rekatun in C:\Users\rekatun\Documents\support)
2021-05-18 17:34:37.684 DEBUG 3736 --- [restartedMain] md.support.support.SupportApplication    : Running with Spring Boot v2.4.2, Spring v5.3.3
2021-05-18 17:34:37.685  INFO 3736 --- [restartedMain] md.support.support.SupportApplication    : No active profile set, falling back to default profiles: default
2021-05-18 17:34:37.776  INFO 3736 --- [restartedMain] .e.DevToolsPropertyDefaultsPostProcessor : Devtools property defaults active! Set 'spring.devtools.add-properties' to 'false' to disable
2021-05-18 17:34:37.776  INFO 3736 --- [restartedMain] .e.DevToolsPropertyDefaultsPostProcessor : For additional web related logging consider setting the 'logging.level.web' property to 'DEBUG'
2021-05-18 17:34:38.823  INFO 3736 --- [restartedMain] .s.d.r.c.RepositoryConfigurationDelegate : Bootstrapping Spring Data JPA repositories in DEFAULT mode.
2021-05-18 17:34:38.913  INFO 3736 --- [restartedMain] .s.d.r.c.RepositoryConfigurationDelegate : Finished Spring Data repository scanning in 80 ms. Found 7 JPA repository interfaces.
2021-05-18 17:34:39.456  INFO 3736 --- [restartedMain] trationDelegate$BeanPostProcessorChecker : Bean 'org.springframework.security.access.expression.method.DefaultMethodSecurityExpressionHandler@2fc325d6' of type [org.springframework.security.access.expression.method.DefaultMethodSecurityExpressionHandler] is not eligible for getting processed by all BeanPostProcessors (for example: not eligible for auto-proxying)
2021-05-18 17:34:39.464  INFO 3736 --- [restartedMain] trationDelegate$BeanPostProcessorChecker : Bean 'methodSecurityMetadataSource' of type [org.springframework.security.access.method.DelegatingMethodSecurityMetadataSource] is not eligible for getting processed by all BeanPostProcessors (for example: not eligible for auto-proxying)
2021-05-18 17:34:40.124  INFO 3736 --- [restartedMain] o.s.b.w.embedded.tomcat.TomcatWebServer  : Tomcat initialized with port(s): 8080 (http)
2021-05-18 17:34:40.139  INFO 3736 --- [restartedMain] o.apache.catalina.core.StandardService   : Starting service [Tomcat]
2021-05-18 17:34:40.139  INFO 3736 --- [restartedMain] org.apache.catalina.core.StandardEngine  : Starting Servlet engine: [Apache Tomcat/9.0.41]
2021-05-18 17:34:40.296  INFO 3736 --- [restartedMain] o.a.c.c.C.[Tomcat].[localhost].[/]       : Initializing Spring embedded WebApplicationContext
2021-05-18 17:34:40.296  INFO 3736 --- [restartedMain] w.s.c.ServletWebServerApplicationContext : Root WebApplicationContext: initialization completed in 2519 ms
2021-05-18 17:34:40.675  INFO 3736 --- [restartedMain] o.hibernate.jpa.internal.util.LogHelper  : HHH000204: Processing PersistenceUnitInfo [name: default]
2021-05-18 17:34:40.753  INFO 3736 --- [restartedMain] org.hibernate.Version                    : HHH000412: Hibernate ORM core version 5.4.21.Final
2021-05-18 17:34:40.921  INFO 3736 --- [restartedMain] o.hibernate.annotations.common.Version   : HCANN000001: Hibernate Commons Annotations {5.1.0.Final}
2021-05-18 17:34:41.041  INFO 3736 --- [restartedMain] com.zaxxer.hikari.HikariDataSource       : HikariPool-1 - Starting...
2021-05-18 17:34:41.335  WARN 3736 --- [restartedMain] c.m.s.jdbc.internals.TDS.Channel         : TLSv1 was negotiated. Please update server and client to use TLSv1.2 at minimum.
2021-05-18 17:34:41.410  INFO 3736 --- [restartedMain] com.zaxxer.hikari.HikariDataSource       : HikariPool-1 - Start completed.
2021-05-18 17:34:41.444  INFO 3736 --- [restartedMain] org.hibernate.dialect.Dialect            : HHH000400: Using dialect: org.hibernate.dialect.SQLServer2008Dialect
2021-05-18 17:34:41.652  WARN 3736 --- [HikariPool-1 connection adder] c.m.s.jdbc.internals.TDS.Channel         : TLSv1 was negotiated. Please update server and client to use TLSv1.2 at minimum.
2021-05-18 17:34:41.790  WARN 3736 --- [HikariPool-1 connection adder] c.m.s.jdbc.internals.TDS.Channel         : TLSv1 was negotiated. Please update server and client to use TLSv1.2 at minimum.
2021-05-18 17:34:41.914  WARN 3736 --- [HikariPool-1 connection adder] c.m.s.jdbc.internals.TDS.Channel         : TLSv1 was negotiated. Please update server and client to use TLSv1.2 at minimum.
2021-05-18 17:34:42.072  WARN 3736 --- [HikariPool-1 connection adder] c.m.s.jdbc.internals.TDS.Channel         : TLSv1 was negotiated. Please update server and client to use TLSv1.2 at minimum.
2021-05-18 17:34:42.169  WARN 3736 --- [HikariPool-1 connection adder] c.m.s.jdbc.internals.TDS.Channel         : TLSv1 was negotiated. Please update server and client to use TLSv1.2 at minimum.
2021-05-18 17:34:42.243  WARN 3736 --- [HikariPool-1 connection adder] c.m.s.jdbc.internals.TDS.Channel         : TLSv1 was negotiated. Please update server and client to use TLSv1.2 at minimum.
2021-05-18 17:34:42.371  WARN 3736 --- [HikariPool-1 connection adder] c.m.s.jdbc.internals.TDS.Channel         : TLSv1 was negotiated. Please update server and client to use TLSv1.2 at minimum.
2021-05-18 17:34:42.492  WARN 3736 --- [HikariPool-1 connection adder] c.m.s.jdbc.internals.TDS.Channel         : TLSv1 was negotiated. Please update server and client to use TLSv1.2 at minimum.
2021-05-18 17:34:42.586  WARN 3736 --- [HikariPool-1 connection adder] c.m.s.jdbc.internals.TDS.Channel         : TLSv1 was negotiated. Please update server and client to use TLSv1.2 at minimum.
2021-05-18 17:34:43.267  INFO 3736 --- [restartedMain] o.h.e.t.j.p.i.JtaPlatformInitiator       : HHH000490: Using JtaPlatform implementation: [org.hibernate.engine.transaction.jta.platform.internal.NoJtaPlatform]
2021-05-18 17:34:43.275  INFO 3736 --- [restartedMain] j.LocalContainerEntityManagerFactoryBean : Initialized JPA EntityManagerFactory for persistence unit 'default'
2021-05-18 17:34:43.300  INFO 3736 --- [restartedMain] o.s.b.d.a.OptionalLiveReloadServer       : LiveReload server is running on port 35729
2021-05-18 17:34:43.390  WARN 3736 --- [restartedMain] JpaBaseConfiguration$JpaWebConfiguration : spring.jpa.open-in-view is enabled by default. Therefore, database queries may be performed during view rendering. Explicitly configure spring.jpa.open-in-view to disable this warning
2021-05-18 17:34:44.996  INFO 3736 --- [restartedMain] o.s.s.concurrent.ThreadPoolTaskExecutor  : Initializing ExecutorService 'applicationTaskExecutor'
2021-05-18 17:34:45.903  INFO 3736 --- [restartedMain] o.s.s.web.DefaultSecurityFilterChain     : Will secure any request with [org.springframework.security.web.context.request.async.WebAsyncManagerIntegrationFilter@11de3ece, org.springframework.security.web.context.SecurityContextPersistenceFilter@60e8052, org.springframework.security.web.header.HeaderWriterFilter@7244cee4, org.springframework.security.web.csrf.CsrfFilter@1e44e3e4, org.springframework.security.web.authentication.logout.LogoutFilter@373adcd8, org.springframework.security.web.authentication.UsernamePasswordAuthenticationFilter@27cb500a, org.springframework.security.web.savedrequest.RequestCacheAwareFilter@4a2711cc, org.springframework.security.web.servletapi.SecurityContextHolderAwareRequestFilter@1906cc28, org.springframework.security.web.authentication.AnonymousAuthenticationFilter@53d2fd0b, org.springframework.security.web.session.SessionManagementFilter@7a835597, org.springframework.security.web.access.ExceptionTranslationFilter@3595c492, org.springframework.security.web.access.intercept.FilterSecurityInterceptor@64f8f37e]
2021-05-18 17:34:45.947  INFO 3736 --- [restartedMain] o.s.s.c.ThreadPoolTaskScheduler          : Initializing ExecutorService 'taskScheduler'
2021-05-18 17:34:46.084  INFO 3736 --- [restartedMain] o.s.b.w.embedded.tomcat.TomcatWebServer  : Tomcat started on port(s): 8080 (http) with context path ''
2021-05-18 17:34:46.112  INFO 3736 --- [restartedMain] md.support.support.SupportApplication    : Started SupportApplication in 9.124 seconds (JVM running for 9.881)
